<?xml version="1.0" encoding="UTF-8"?>
<!-- Generated by org.testng.reporters.JUnitReportReporter -->
<testsuite hostname="Umeshs-MacBook-Air-2.local" name="tests.ShopTests" tests="1" failures="0" timestamp="16 Aug 2019 13:33:33 GMT" time="35.169" errors="0">
  <testcase name="chk" time="35.169" classname="tests.ShopTests"/>
</testsuite> <!-- tests.ShopTests -->
