<?xml version="1.0" encoding="UTF-8"?>
<!-- Generated by org.testng.reporters.JUnitReportReporter -->
<testsuite skipped="2" hostname="KATAKURI" name="tests.Flipkart" tests="3" failures="0" timestamp="25 Jul 2019 19:32:53 GMT" time="12.489" errors="0">
  <testcase name="checkpaymentflow" time="12.489" classname="tests.Flipkart"/>
  <testcase name="gotosubcategory" classname="tests.Flipkart">
    <skipped/>
  </testcase> <!-- gotosubcategory -->
  <testcase name="removeItem" classname="tests.Flipkart">
    <skipped/>
  </testcase> <!-- removeItem -->
</testsuite> <!-- tests.Flipkart -->
