<?xml version="1.0" encoding="UTF-8"?>
<!-- Generated by org.testng.reporters.JUnitReportReporter -->
<testsuite skipped="17" hostname="KATAKURI.local" name="tests.PopxoHome" tests="18" failures="0" timestamp="16 Jul 2019 12:53:04 GMT" time="47.580" errors="0">
  <testcase name="langDropDown_hindi" time="47.580" classname="tests.PopxoHome"/>
  <testcase name="read" classname="tests.PopxoHome">
    <skipped/>
  </testcase> <!-- read -->
  <testcase name="checkEnglish" classname="tests.PopxoHome">
    <skipped/>
  </testcase> <!-- checkEnglish -->
  <testcase name="shop" classname="tests.PopxoHome">
    <skipped/>
  </testcase> <!-- shop -->
  <testcase name="langDropDown_bangla" classname="tests.PopxoHome">
    <skipped/>
  </testcase> <!-- langDropDown_bangla -->
  <testcase name="getFeed" classname="tests.PopxoHome">
    <skipped/>
  </testcase> <!-- getFeed -->
  <testcase name="checkBangla" classname="tests.PopxoHome">
    <skipped/>
  </testcase> <!-- checkBangla -->
  <testcase name="langDropDown_tamil" classname="tests.PopxoHome">
    <skipped/>
  </testcase> <!-- langDropDown_tamil -->
  <testcase name="checkTamil" classname="tests.PopxoHome">
    <skipped/>
  </testcase> <!-- checkTamil -->
  <testcase name="langDropDown_eng" classname="tests.PopxoHome">
    <skipped/>
  </testcase> <!-- langDropDown_eng -->
  <testcase name="checkMarathi" classname="tests.PopxoHome">
    <skipped/>
  </testcase> <!-- checkMarathi -->
  <testcase name="langDropDown_marathi" classname="tests.PopxoHome">
    <skipped/>
  </testcase> <!-- langDropDown_marathi -->
  <testcase name="watch" classname="tests.PopxoHome">
    <skipped/>
  </testcase> <!-- watch -->
  <testcase name="magazine" classname="tests.PopxoHome">
    <skipped/>
  </testcase> <!-- magazine -->
  <testcase name="checkHindi" classname="tests.PopxoHome">
    <skipped/>
  </testcase> <!-- checkHindi -->
  <testcase name="Hangout" classname="tests.PopxoHome">
    <skipped/>
  </testcase> <!-- Hangout -->
  <testcase name="langDropDown_telugu" classname="tests.PopxoHome">
    <skipped/>
  </testcase> <!-- langDropDown_telugu -->
  <testcase name="checkTelugu" classname="tests.PopxoHome">
    <skipped/>
  </testcase> <!-- checkTelugu -->
</testsuite> <!-- tests.PopxoHome -->
