<?xml version="1.0" encoding="UTF-8"?>
<!-- Generated by org.testng.reporters.JUnitReportReporter -->
<testsuite skipped="1" hostname="KATAKURI.local" name="page.LoginPopxo" tests="2" failures="0" timestamp="25 Jul 2019 13:41:09 GMT" time="40.074" errors="0">
  <testcase name="ContinueWithFacebook" time="40.074" classname="page.LoginPopxo"/>
  <testcase name="ContinueWithEmail" classname="page.LoginPopxo">
    <skipped/>
  </testcase> <!-- ContinueWithEmail -->
</testsuite> <!-- page.LoginPopxo -->
